<?xml version="1.0" encoding="UTF-8"?>
<!-- Generated by org.testng.reporters.JUnitXMLReporter -->
<testsuite hostname="ManishkumarG-MS" ignored="0" name="Test-method test" tests="2" failures="0" timestamp="24 Jul 2019 15:16:50 GMT" time="0.069" errors="0">
  <testcase name="testMethodsTwo" time="0.0" classname="com.testng.ParallelMethodTest"/>
  <testcase name="testMethodsOne" time="0.0" classname="com.testng.ParallelMethodTest"/>
</testsuite> <!-- Test-method test -->
