<?xml version="1.0" encoding="UTF-8"?>
<!-- Generated by org.testng.reporters.JUnitReportReporter -->
<testsuite skipped="0" hostname="ManishkumarG-MS" name="com.qa.tests.GetAPITest" tests="1" failures="0" timestamp="10 Jul 2019 16:12:17 GMT" time="1.062" errors="0">
  <testcase name="getAPITest" time="1.062" classname="com.qa.tests.GetAPITest"/>
</testsuite> <!-- com.qa.tests.GetAPITest -->
