<?xml version="1.0" encoding="UTF-8"?>
<!-- Generated by org.testng.reporters.JUnitReportReporter -->
<testsuite skipped="0" hostname="ManishkumarG-MS" name="com.testng.ParallelMethodTest" tests="2" failures="0" timestamp="24 Jul 2019 15:16:50 GMT" time="0.070" errors="0">
  <testcase name="testMethodsOne" time="0.054" classname="com.testng.ParallelMethodTest"/>
  <testcase name="testMethodsTwo" time="0.016" classname="com.testng.ParallelMethodTest"/>
</testsuite> <!-- com.testng.ParallelMethodTest -->
