<?xml version="1.0" encoding="UTF-8"?>
<!-- Generated by org.testng.reporters.JUnitReportReporter -->
<testsuite skipped="0" hostname="ManishkumarG-MS" name="com.testng.MultiBrowser" tests="2" failures="0" timestamp="23 Apr 2019 15:28:02 GMT" time="1.937" errors="0">
  <testcase name="login" time="0.219" classname="com.testng.MultiBrowser"/>
  <testcase name="login" time="1.718" classname="com.testng.MultiBrowser"/>
</testsuite> <!-- com.testng.MultiBrowser -->
