<?xml version="1.0" encoding="UTF-8"?>
<!-- Generated by org.testng.reporters.JUnitReportReporter -->
<testsuite skipped="0" hostname="ManishkumarG-MS" name="com.testng.Class01" tests="1" failures="0" timestamp="26 Jul 2019 14:09:07 GMT" time="0.034" errors="0">
  <testcase name="paramertersExample" time="0.034" classname="com.testng.Class01"/>
</testsuite> <!-- com.testng.Class01 -->
