<?xml version="1.0" encoding="UTF-8"?>
<!-- Generated by org.testng.reporters.JUnitReportReporter -->
<testsuite skipped="0" hostname="ManishkumarG-MS" name="com.testng.DataProviderClass" tests="2" failures="0" timestamp="24 Jul 2019 15:13:50 GMT" time="0.009" errors="0">
  <testcase name="dataProviderMethod" time="0.003" classname="com.testng.DataProviderClass"/>
  <testcase name="dataProviderMethod" time="0.006" classname="com.testng.DataProviderClass"/>
</testsuite> <!-- com.testng.DataProviderClass -->
