<?xml version="1.0" encoding="UTF-8"?>
<!-- Generated by org.testng.reporters.JUnitReportReporter -->
<testsuite skipped="0" hostname="ManishkumarG-MS" name="com.testng.Class01" tests="1" failures="0" timestamp="24 Jul 2019 15:16:50 GMT" time="0.008" errors="0">
  <testcase name="paramertersExample" time="0.008" classname="com.testng.Class01"/>
</testsuite> <!-- com.testng.Class01 -->
