<?xml version="1.0" encoding="UTF-8"?>
<!-- Generated by org.testng.reporters.JUnitReportReporter -->
<testsuite skipped="0" hostname="ManishkumarG-MS" name="com.testng.ParallelMethodTest" tests="2" failures="0" timestamp="26 Jul 2019 14:09:07 GMT" time="0.003" errors="0">
  <testcase name="testMethodsOne" time="0.003" classname="com.testng.ParallelMethodTest"/>
  <testcase name="testMethodsTwo" time="0.000" classname="com.testng.ParallelMethodTest"/>
</testsuite> <!-- com.testng.ParallelMethodTest -->
