<?xml version="1.0" encoding="UTF-8"?>
<!-- Generated by org.testng.reporters.JUnitReportReporter -->
<testsuite skipped="0" hostname="ManishkumarG-MS" name="com.testng.Class02" tests="1" failures="0" timestamp="24 Apr 2019 15:32:00 GMT" time="0.000" errors="0">
  <testcase name="testMethod1" time="0.000" classname="com.testng.Class02"/>
</testsuite> <!-- com.testng.Class02 -->
