<?xml version="1.0" encoding="UTF-8"?>
<!-- Generated by org.testng.reporters.JUnitReportReporter -->
<testsuite skipped="0" hostname="ManishkumarG-MS" name="com.testng.LoadTest01" tests="2" failures="0" timestamp="15 Apr 2019 10:49:46 GMT" time="0.008" errors="0">
  <testcase name="verifySearchButton" time="0.004" classname="com.testng.LoadTest01"/>
  <testcase name="checktheTestAnotation" time="0.004" classname="com.testng.LoadTest01"/>
</testsuite> <!-- com.testng.LoadTest01 -->
