<?xml version="1.0" encoding="UTF-8"?>
<!-- Generated by org.testng.reporters.JUnitReportReporter -->
<testsuite skipped="0" hostname="ManishkumarG-MS" name="test.InputFormDemoTest" tests="2" failures="0" timestamp="23 Jul 2018 07:31:25 GMT" time="31.509" errors="0">
  <testcase name="withValidDetails" time="24.191" classname="test.InputFormDemoTest"/>
  <testcase name="withBlankFields" time="7.318" classname="test.InputFormDemoTest"/>
</testsuite> <!-- test.InputFormDemoTest -->
