<?xml version="1.0" encoding="UTF-8"?>
<!-- Generated by org.testng.reporters.JUnitReportReporter -->
<testsuite skipped="1" hostname="ManishkumarG-MS" name="test.AlertBoxTest" tests="3" failures="0" timestamp="16 Aug 2019 15:00:09 GMT" time="0.300" errors="0">
  <testcase name="testPositionData" time="0.294" classname="test.AlertBoxTest"/>
  <testcase name="testexample" time="0.006" classname="test.AlertBoxTest"/>
  <testcase name="testExample2" classname="test.AlertBoxTest">
    <skipped/>
  </testcase> <!-- testExample2 -->
</testsuite> <!-- test.AlertBoxTest -->
