<?xml version="1.0" encoding="UTF-8"?>
<!-- Generated by org.testng.reporters.JUnitReportReporter -->
<testsuite skipped="0" hostname="ManishkumarG-MS" name="test.BootstrapDatePickerTest" tests="1" failures="0" timestamp="16 Aug 2019 15:00:09 GMT" time="14.520" errors="0">
  <testcase name="selectDate" time="14.520" classname="test.BootstrapDatePickerTest"/>
</testsuite> <!-- test.BootstrapDatePickerTest -->
