<?xml version="1.0" encoding="UTF-8"?>
<!-- Generated by org.testng.reporters.JUnitReportReporter -->
<testsuite skipped="0" hostname="ManishkumarG-MS" name="test.TableSortingTest" tests="1" failures="0" timestamp="16 Aug 2019 14:36:26 GMT" time="20.613" errors="0">
  <testcase name="testSortingForPosition" time="20.613" classname="test.TableSortingTest"/>
</testsuite> <!-- test.TableSortingTest -->
