<?xml version="1.0" encoding="UTF-8"?>
<!-- Generated by org.testng.reporters.JUnitReportReporter -->
<testsuite skipped="0" hostname="ManishkumarG-MS" name="test.TableSortingTest" tests="1" failures="0" timestamp="23 Jul 2018 07:31:25 GMT" time="53.319" errors="0">
  <testcase name="testSortingForPosition" time="53.319" classname="test.TableSortingTest"/>
</testsuite> <!-- test.TableSortingTest -->
