<?xml version="1.0" encoding="UTF-8"?>
<!-- Generated by org.testng.reporters.JUnitReportReporter -->
<testsuite skipped="0" hostname="ManishkumarG-MS" name="test.AlertBoxTest" tests="1" failures="0" timestamp="26 Jul 2019 14:13:12 GMT" time="14.711" errors="0">
  <testcase name="testPositionData" time="14.711" classname="test.AlertBoxTest"/>
</testsuite> <!-- test.AlertBoxTest -->
