<?xml version="1.0" encoding="UTF-8"?>
<!-- Generated by org.testng.reporters.JUnitReportReporter -->
<testsuite skipped="0" hostname="ManishkumarG-MS" name="test.TableSearchFilterTest" tests="1" failures="0" timestamp="16 Aug 2019 14:36:26 GMT" time="11.427" errors="0">
  <testcase name="withValidDetails" time="11.427" classname="test.TableSearchFilterTest"/>
</testsuite> <!-- test.TableSearchFilterTest -->
