<?xml version="1.0" encoding="UTF-8"?>
<!-- Generated by org.testng.reporters.JUnitReportReporter -->
<testsuite skipped="0" hostname="ManishkumarG-MS" name="test.TableSearchFilterTest" tests="1" failures="0" timestamp="23 Jul 2018 07:31:25 GMT" time="5.972" errors="0">
  <testcase name="withValidDetails" time="5.972" classname="test.TableSearchFilterTest"/>
</testsuite> <!-- test.TableSearchFilterTest -->
