<?xml version="1.0" encoding="UTF-8"?>
<!-- Generated by org.testng.reporters.JUnitReportReporter -->
<testsuite skipped="0" hostname="ManishkumarG-MS" name="test.DownloadProgressTest" tests="1" failures="0" timestamp="26 Jul 2019 14:13:12 GMT" time="21.044" errors="0">
  <testcase name="switchToWindowAndGetTitle" time="21.044" classname="test.DownloadProgressTest"/>
</testsuite> <!-- test.DownloadProgressTest -->
