<?xml version="1.0" encoding="UTF-8"?>
<!-- Generated by org.testng.reporters.JUnitReportReporter -->
<testsuite skipped="1" hostname="ManishkumarG-MS" name="test.DragAndDropTest" tests="2" failures="0" timestamp="16 Aug 2019 15:00:09 GMT" time="0.665" errors="0">
  <testcase name="test2" time="0.665" classname="test.DragAndDropTest"/>
  <testcase name="test" classname="test.DragAndDropTest">
    <skipped/>
  </testcase> <!-- test -->
</testsuite> <!-- test.DragAndDropTest -->
